<?xml version="1.0" encoding="UTF-8"?>
<testsuite name="frc.robot.lib.ShotTableTest" tests="8" skipped="0" failures="0" errors="0" timestamp="2026-01-22T04:07:45" hostname="Boruis-MacBook-Pro.local" time="0.002">
  <properties/>
  <testcase name="testFarBelowMinimum()" classname="frc.robot.lib.ShotTableTest" time="0.0"/>
  <testcase name="testInterpolation()" classname="frc.robot.lib.ShotTableTest" time="0.0"/>
  <testcase name="testBelowMinimumReturnsLowest()" classname="frc.robot.lib.ShotTableTest" time="0.0"/>
  <testcase name="testInterpolationQuarterPoint()" classname="frc.robot.lib.ShotTableTest" time="0.0"/>
  <testcase name="testExactMatch()" classname="frc.robot.lib.ShotTableTest" time="0.0"/>
  <testcase name="testFarAboveMaximum()" classname="frc.robot.lib.ShotTableTest" time="0.0"/>
  <testcase name="testAboveMaximumReturnsHighest()" classname="frc.robot.lib.ShotTableTest" time="0.0"/>
  <testcase name="testSeparatePutMethods()" classname="frc.robot.lib.ShotTableTest" time="0.0"/>
  <system-out><![CDATA[]]></system-out>
  <system-err><![CDATA[]]></system-err>
</testsuite>
