<?xml version="1.0" encoding="UTF-8"?>
<testsuite name="frc.robot.lib.JoystickTest" tests="6" skipped="0" failures="0" errors="0" timestamp="2026-01-18T23:15:33" hostname="Boruis-MacBook-Pro.local" time="0.004">
  <properties/>
  <testcase name="scaleAppliesCorrectly()" classname="frc.robot.lib.JoystickTest" time="0.0"/>
  <testcase name="exponentialCurveAppliesCorrectly()" classname="frc.robot.lib.JoystickTest" time="0.0"/>
  <testcase name="chainedOperationsWorkCorrectly()" classname="frc.robot.lib.JoystickTest" time="0.0"/>
  <testcase name="zeroInputsYieldZeroValues()" classname="frc.robot.lib.JoystickTest" time="0.001"/>
  <testcase name="canReachDesiredValue()" classname="frc.robot.lib.JoystickTest" time="0.001"/>
  <testcase name="slewRateLimitAppliesCorrectly()" classname="frc.robot.lib.JoystickTest" time="0.0"/>
  <system-out><![CDATA[]]></system-out>
  <system-err><![CDATA[]]></system-err>
</testsuite>
