<?xml version="1.0" encoding="UTF-8"?>
<testsuite name="frc.robot.lib.ShooterPhysicsTest" tests="1" skipped="0" failures="0" errors="0" timestamp="2026-01-22T04:07:45" hostname="Boruis-MacBook-Pro.local" time="0.015">
  <properties/>
  <testcase name="testCompareSolvers_SameScenario()" classname="frc.robot.lib.ShooterPhysicsTest" time="0.015"/>
  <system-out><![CDATA[
=== Comparing All Solvers: multiple distances and motion cases ===

--- Scenario: range=0.50m height=2.00m motion=stationary ---
Robot Position: (0.000, 0.000, 0.000) m  Velocity: (0.000, 0.000, 0.000) m
Target Position: (0.500, 0.000, 2.000) m

  -> stationaryInterpolation:
H: 77.87° | Fw: 9.231 m/s | Tur: 0.00° | V: (1.940, 0.000, 9.025) m | |v|: 9.231 m/s
    Error: 0.000 m (t=0.258 s)

  -> alexSolve:
H: 77.87° | Fw: 9.231 m/s | Tur: 0.00° | V: (1.940, 0.000, 9.025) m | |v|: 9.231 m/s
    Error: 0.000 m (t=0.258 s)

  -> quadraticSolve:
H: 77.44° | Fw: 10.297 m/s | Tur: 0.00° | V: (2.239, 0.000, 10.051) m | |v|: 10.297 m/s
    Error: 0.000 m (t=0.223 s)

--- Scenario: range=0.50m height=2.00m motion=forwards ---
Robot Position: (0.000, 0.000, 0.000) m  Velocity: (1.500, 0.000, 0.000) m
Target Position: (0.500, 0.000, 2.000) m

  -> stationaryInterpolation:
H: 77.87° | Fw: 9.231 m/s | Tur: 0.00° | V: (1.940, 0.000, 9.025) m | |v|: 9.231 m/s
    Error: 0.387 m (t=0.258 s)

  -> alexSolve:
H: 87.21° | Fw: 9.036 m/s | Tur: 0.00° | V: (0.440, 0.000, 9.025) m | |v|: 9.036 m/s
    Error: 0.000 m (t=0.258 s)

  -> quadraticSolve:
H: 85.55° | Fw: 10.294 m/s | Tur: 0.00° | V: (0.799, 0.000, 10.263) m | |v|: 10.294 m/s
    Error: 0.000 m (t=0.217 s)

--- Scenario: range=0.50m height=2.00m motion=sideways ---
Robot Position: (0.000, 0.000, 0.000) m  Velocity: (0.000, 1.500, 0.000) m
Target Position: (0.500, 0.000, 2.000) m

  -> stationaryInterpolation:
H: 77.87° | Fw: 9.231 m/s | Tur: 0.00° | V: (1.940, 0.000, 9.025) m | |v|: 9.231 m/s
    Error: 0.387 m (t=0.258 s)

  -> alexSolve:
H: 74.80° | Fw: 9.352 m/s | Tur: -37.71° | V: (1.940, -1.500, 9.025) m | |v|: 9.352 m/s
    Error: 0.000 m (t=0.258 s)

  -> quadraticSolve:
H: 74.97° | Fw: 10.299 m/s | Tur: -34.18° | V: (2.209, -1.500, 9.947) m | |v|: 10.299 m/s
    Error: 0.000 m (t=0.226 s)

--- Scenario: range=0.50m height=2.00m motion=backwards ---
Robot Position: (0.000, 0.000, 0.000) m  Velocity: (-1.500, 0.000, 0.000) m
Target Position: (0.500, 0.000, 2.000) m

  -> stationaryInterpolation:
H: 77.87° | Fw: 9.231 m/s | Tur: 0.00° | V: (1.940, 0.000, 9.025) m | |v|: 9.231 m/s
    Error: 0.197 m (t=1.582 s)

  -> alexSolve:
H: 69.13° | Fw: 9.659 m/s | Tur: 0.00° | V: (3.440, 0.000, 9.025) m | |v|: 9.659 m/s
    Error: 0.000 m (t=0.258 s)

  -> quadraticSolve:
H: 69.42° | Fw: 10.304 m/s | Tur: 0.00° | V: (3.623, 0.000, 9.646) m | |v|: 10.304 m/s
    Error: 0.000 m (t=0.236 s)

--- Scenario: range=0.50m height=2.00m motion=diagonal ---
Robot Position: (0.000, 0.000, 0.000) m  Velocity: (1.000, 1.000, 0.000) m
Target Position: (0.500, 0.000, 2.000) m

  -> stationaryInterpolation:
H: 77.87° | Fw: 9.231 m/s | Tur: 0.00° | V: (1.940, 0.000, 9.025) m | |v|: 9.231 m/s
    Error: 0.364 m (t=0.258 s)

  -> alexSolve:
H: 81.35° | Fw: 9.129 m/s | Tur: -46.76° | V: (0.940, -1.000, 9.025) m | |v|: 9.129 m/s
    Error: 0.000 m (t=0.258 s)

  -> quadraticSolve:
H: 80.96° | Fw: 10.296 m/s | Tur: -38.17° | V: (1.272, -1.000, 10.168) m | |v|: 10.296 m/s
    Error: 0.000 m (t=0.220 s)

--- Scenario: range=2.00m height=2.00m motion=stationary ---
Robot Position: (0.000, 0.000, 0.000) m  Velocity: (0.000, 0.000, 0.000) m
Target Position: (2.000, 0.000, 2.000) m

  -> stationaryInterpolation:
H: 47.73° | Fw: 14.717 m/s | Tur: 0.00° | V: (9.899, 0.000, 10.890) m | |v|: 14.717 m/s
    Error: 0.000 m (t=0.202 s)

  -> alexSolve:
H: 47.73° | Fw: 14.717 m/s | Tur: 0.00° | V: (9.899, 0.000, 10.890) m | |v|: 14.717 m/s
    Error: 0.000 m (t=0.202 s)

  -> quadraticSolve:
H: 47.48° | Fw: 15.398 m/s | Tur: 0.00° | V: (10.407, 0.000, 11.349) m | |v|: 15.398 m/s
    Error: 0.000 m (t=0.192 s)

--- Scenario: range=2.00m height=2.00m motion=forwards ---
Robot Position: (0.000, 0.000, 0.000) m  Velocity: (1.500, 0.000, 0.000) m
Target Position: (2.000, 0.000, 2.000) m

  -> stationaryInterpolation:
H: 47.73° | Fw: 14.717 m/s | Tur: 0.00° | V: (9.899, 0.000, 10.890) m | |v|: 14.717 m/s
    Error: 0.303 m (t=0.202 s)

  -> alexSolve:
H: 52.36° | Fw: 13.753 m/s | Tur: 0.00° | V: (8.399, 0.000, 10.890) m | |v|: 13.753 m/s
    Error: 0.000 m (t=0.202 s)

  -> quadraticSolve:
H: 51.28° | Fw: 15.395 m/s | Tur: 0.00° | V: (9.630, 0.000, 12.011) m | |v|: 15.395 m/s
    Error: 0.000 m (t=0.180 s)

--- Scenario: range=2.00m height=2.00m motion=sideways ---
Robot Position: (0.000, 0.000, 0.000) m  Velocity: (0.000, 1.500, 0.000) m
Target Position: (2.000, 0.000, 2.000) m

  -> stationaryInterpolation:
H: 47.73° | Fw: 14.717 m/s | Tur: 0.00° | V: (9.899, 0.000, 10.890) m | |v|: 14.717 m/s
    Error: 0.303 m (t=0.202 s)

  -> alexSolve:
H: 47.41° | Fw: 14.794 m/s | Tur: -8.62° | V: (9.899, -1.500, 10.890) m | |v|: 14.794 m/s
    Error: 0.000 m (t=0.202 s)

  -> quadraticSolve:
H: 47.21° | Fw: 15.399 m/s | Tur: -8.24° | V: (10.353, -1.500, 11.300) m | |v|: 15.399 m/s
    Error: 0.000 m (t=0.193 s)

--- Scenario: range=2.00m height=2.00m motion=backwards ---
Robot Position: (0.000, 0.000, 0.000) m  Velocity: (-1.500, 0.000, 0.000) m
Target Position: (2.000, 0.000, 2.000) m

  -> stationaryInterpolation:
H: 47.73° | Fw: 14.717 m/s | Tur: 0.00° | V: (9.899, 0.000, 10.890) m | |v|: 14.717 m/s
    Error: 0.303 m (t=0.202 s)

  -> alexSolve:
H: 43.69° | Fw: 15.765 m/s | Tur: 0.00° | V: (11.399, 0.000, 10.890) m | |v|: 15.765 m/s
    Error: 0.000 m (t=0.202 s)

  -> quadraticSolve:
H: 43.73° | Fw: 15.403 m/s | Tur: 0.00° | V: (11.130, 0.000, 10.648) m | |v|: 15.403 m/s
    Error: 0.000 m (t=0.208 s)

--- Scenario: range=2.00m height=2.00m motion=diagonal ---
Robot Position: (0.000, 0.000, 0.000) m  Velocity: (1.000, 1.000, 0.000) m
Target Position: (2.000, 0.000, 2.000) m

  -> stationaryInterpolation:
H: 47.73° | Fw: 14.717 m/s | Tur: 0.00° | V: (9.899, 0.000, 10.890) m | |v|: 14.717 m/s
    Error: 0.286 m (t=0.202 s)

  -> alexSolve:
H: 50.57° | Fw: 14.100 m/s | Tur: -6.41° | V: (8.899, -1.000, 10.890) m | |v|: 14.100 m/s
    Error: 0.000 m (t=0.202 s)

  -> quadraticSolve:
H: 49.88° | Fw: 15.396 m/s | Tur: -5.78° | V: (9.871, -1.000, 11.773) m | |v|: 15.396 m/s
    Error: 0.000 m (t=0.184 s)

--- Scenario: range=3.00m height=2.00m motion=stationary ---
Robot Position: (0.000, 0.000, 0.000) m  Velocity: (0.000, 0.000, 0.000) m
Target Position: (3.000, 0.000, 2.000) m

  -> stationaryInterpolation:
H: 36.86° | Fw: 16.639 m/s | Tur: 0.00° | V: (13.313, 0.000, 9.981) m | |v|: 16.639 m/s
    Error: 0.000 m (t=0.225 s)

  -> alexSolve:
H: 36.86° | Fw: 16.639 m/s | Tur: 0.00° | V: (13.313, 0.000, 9.981) m | |v|: 16.639 m/s
    Error: 0.000 m (t=0.225 s)

  -> quadraticSolve:
H: 36.63° | Fw: 17.251 m/s | Tur: 0.00° | V: (13.844, 0.000, 10.292) m | |v|: 17.251 m/s
    Error: 0.000 m (t=0.217 s)

--- Scenario: range=3.00m height=2.00m motion=forwards ---
Robot Position: (0.000, 0.000, 0.000) m  Velocity: (1.500, 0.000, 0.000) m
Target Position: (3.000, 0.000, 2.000) m

  -> stationaryInterpolation:
H: 36.86° | Fw: 16.639 m/s | Tur: 0.00° | V: (13.313, 0.000, 9.981) m | |v|: 16.639 m/s
    Error: 0.338 m (t=0.225 s)

  -> alexSolve:
H: 40.19° | Fw: 15.465 m/s | Tur: 0.00° | V: (11.813, 0.000, 9.981) m | |v|: 15.465 m/s
    Error: 0.000 m (t=0.225 s)

  -> quadraticSolve:
H: 39.20° | Fw: 17.246 m/s | Tur: 0.00° | V: (13.365, 0.000, 10.900) m | |v|: 17.246 m/s
    Error: 0.000 m (t=0.202 s)

--- Scenario: range=3.00m height=2.00m motion=sideways ---
Robot Position: (0.000, 0.000, 0.000) m  Velocity: (0.000, 1.500, 0.000) m
Target Position: (3.000, 0.000, 2.000) m

  -> stationaryInterpolation:
H: 36.86° | Fw: 16.639 m/s | Tur: 0.00° | V: (13.313, 0.000, 9.981) m | |v|: 16.639 m/s
    Error: 0.338 m (t=0.225 s)

  -> alexSolve:
H: 36.69° | Fw: 16.706 m/s | Tur: -6.43° | V: (13.313, -1.500, 9.981) m | |v|: 16.706 m/s
    Error: 0.000 m (t=0.225 s)

  -> quadraticSolve:
H: 36.49° | Fw: 17.251 m/s | Tur: -6.21° | V: (13.788, -1.500, 10.259) m | |v|: 17.251 m/s
    Error: 0.000 m (t=0.218 s)

--- Scenario: range=3.00m height=2.00m motion=backwards ---
Robot Position: (0.000, 0.000, 0.000) m  Velocity: (-1.500, 0.000, 0.000) m
Target Position: (3.000, 0.000, 2.000) m

  -> stationaryInterpolation:
H: 36.86° | Fw: 16.639 m/s | Tur: 0.00° | V: (13.313, 0.000, 9.981) m | |v|: 16.639 m/s
    Error: 0.338 m (t=0.225 s)

  -> alexSolve:
H: 33.97° | Fw: 17.861 m/s | Tur: 0.00° | V: (14.813, 0.000, 9.981) m | |v|: 17.861 m/s
    Error: 0.000 m (t=0.225 s)

  -> quadraticSolve:
H: 34.11° | Fw: 17.256 m/s | Tur: 0.00° | V: (14.288, 0.000, 9.676) m | |v|: 17.256 m/s
    Error: 0.000 m (t=0.235 s)

--- Scenario: range=3.00m height=2.00m motion=diagonal ---
Robot Position: (0.000, 0.000, 0.000) m  Velocity: (1.000, 1.000, 0.000) m
Target Position: (3.000, 0.000, 2.000) m

  -> stationaryInterpolation:
H: 36.86° | Fw: 16.639 m/s | Tur: 0.00° | V: (13.313, 0.000, 9.981) m | |v|: 16.639 m/s
    Error: 0.319 m (t=0.225 s)

  -> alexSolve:
H: 38.94° | Fw: 15.881 m/s | Tur: -4.64° | V: (12.313, -1.000, 9.981) m | |v|: 15.881 m/s
    Error: 0.000 m (t=0.225 s)

  -> quadraticSolve:
H: 38.27° | Fw: 17.248 m/s | Tur: -4.24° | V: (13.504, -1.000, 10.684) m | |v|: 17.248 m/s
    Error: 0.000 m (t=0.207 s)
]]></system-out>
  <system-err><![CDATA[]]></system-err>
</testsuite>
